Using pre-set license
Built from '2022.2/staging' branch; Version is '2022.2.4f1 (8216e0211249) revision 8525536'; Using compiler version '192829333'; Build Type 'Release'
OS: 'Windows 11  (10.0.22621) 64bit Professional' Language: 'fr' Physical Memory: 32694 MB
BatchMode: 1, IsHumanControllingUs: 0, StartBugReporterOnCrash: 0, Is64bit: 1, IsPro: 1

COMMAND LINE ARGUMENTS:
C:\Program Files\Unity\Hub\Editor\2022.2.4f1\Editor\Unity.exe
-adb2
-batchMode
-noUpm
-name
AssetImportWorker2
-projectPath
C:/Users/olivi/Documents/PersoGalactic/Galactic
-logFile
Logs/AssetImportWorker2.log
-srvPort
56480
Successfully changed project path to: C:/Users/olivi/Documents/PersoGalactic/Galactic
C:/Users/olivi/Documents/PersoGalactic/Galactic
[UnityMemory] Configuration Parameters - Can be set up in boot.config
    "memorysetup-bucket-allocator-granularity=16"
    "memorysetup-bucket-allocator-bucket-count=8"
    "memorysetup-bucket-allocator-block-size=33554432"
    "memorysetup-bucket-allocator-block-count=8"
    "memorysetup-main-allocator-block-size=16777216"
    "memorysetup-thread-allocator-block-size=16777216"
    "memorysetup-gfx-main-allocator-block-size=16777216"
    "memorysetup-gfx-thread-allocator-block-size=16777216"
    "memorysetup-cache-allocator-block-size=4194304"
    "memorysetup-typetree-allocator-block-size=2097152"
    "memorysetup-profiler-bucket-allocator-granularity=16"
    "memorysetup-profiler-bucket-allocator-bucket-count=8"
    "memorysetup-profiler-bucket-allocator-block-size=33554432"
    "memorysetup-profiler-bucket-allocator-block-count=8"
    "memorysetup-profiler-allocator-block-size=16777216"
    "memorysetup-profiler-editor-allocator-block-size=1048576"
    "memorysetup-temp-allocator-size-main=16777216"
    "memorysetup-job-temp-allocator-block-size=2097152"
    "memorysetup-job-temp-allocator-block-size-background=1048576"
    "memorysetup-job-temp-allocator-reduction-small-platforms=262144"
    "memorysetup-temp-allocator-size-background-worker=32768"
    "memorysetup-temp-allocator-size-job-worker=262144"
    "memorysetup-temp-allocator-size-preload-manager=33554432"
    "memorysetup-temp-allocator-size-nav-mesh-worker=65536"
    "memorysetup-temp-allocator-size-audio-worker=65536"
    "memorysetup-temp-allocator-size-cloud-worker=32768"
    "memorysetup-temp-allocator-size-gi-baking-worker=262144"
    "memorysetup-temp-allocator-size-gfx=262144"
Player connection [28868] Host "[IP] 192.168.56.1 [Port] 0 [Flags] 2 [Guid] 3025635710 [EditorId] 3025635710 [Version] 1048832 [Id] WindowsEditor(7,olivier-14) [Debug] 1 [PackageName] WindowsEditor [ProjectName] Editor" joined multi-casting on [225.0.0.222:54997]...

Player connection [28868] Host "[IP] 192.168.56.1 [Port] 0 [Flags] 2 [Guid] 3025635710 [EditorId] 3025635710 [Version] 1048832 [Id] WindowsEditor(7,olivier-14) [Debug] 1 [PackageName] WindowsEditor [ProjectName] Editor" joined alternative multi-casting on [225.0.0.222:34997]...

Refreshing native plugins compatible for Editor in 8.12 ms, found 2 plugins.
Preloading 0 native plugins for Editor in 0.00 ms.
Initialize engine version: 2022.2.4f1 (8216e0211249)
[Subsystems] Discovering subsystems at path C:/Program Files/Unity/Hub/Editor/2022.2.4f1/Editor/Data/Resources/UnitySubsystems
[Subsystems] Discovering subsystems at path C:/Users/olivi/Documents/PersoGalactic/Galactic/Assets
GfxDevice: creating device client; threaded=0; jobified=0
Direct3D:
    Version:  Direct3D 11.0 [level 11.1]
    Renderer: NVIDIA GeForce RTX 2080 SUPER (ID=0x1e81)
    Vendor:   NVIDIA
    VRAM:     8001 MB
    Driver:   31.0.15.3598
Initialize mono
Mono path[0] = 'C:/Program Files/Unity/Hub/Editor/2022.2.4f1/Editor/Data/Managed'
Mono path[1] = 'C:/Program Files/Unity/Hub/Editor/2022.2.4f1/Editor/Data/MonoBleedingEdge/lib/mono/unityjit-win32'
Mono config path = 'C:/Program Files/Unity/Hub/Editor/2022.2.4f1/Editor/Data/MonoBleedingEdge/etc'
Using monoOptions --debugger-agent=transport=dt_socket,embedding=1,server=y,suspend=n,address=127.0.0.1:56236
Begin MonoManager ReloadAssembly
Registering precompiled unity dll's ...
Register platform support module: C:/Program Files/Unity/Hub/Editor/2022.2.4f1/Editor/Data/PlaybackEngines/WindowsStandaloneSupport/UnityEditor.WindowsStandalone.Extensions.dll
Register platform support module: C:/Program Files/Unity/Hub/Editor/2022.2.4f1/Editor/Data/PlaybackEngines/MetroSupport/UnityEditor.UWP.Extensions.dll
Registered in 0.009171 seconds.
- Loaded All Assemblies, in  0.353 seconds
Native extension for UWP target not found
Native extension for WindowsStandalone target not found
Mono: successfully reloaded assembly
- Finished resetting the current domain, in  0.272 seconds
Domain Reload Profiling:
	ReloadAssembly (204ms)
		BeginReloadAssembly (83ms)
			ExecutionOrderSort (0ms)
			DisableScriptedObjects (0ms)
			BackupInstance (0ms)
			ReleaseScriptingObjects (0ms)
			CreateAndSetChildDomain (1ms)
		LoadAllAssembliesAndSetupDomain (0ms)
			LoadAssemblies (81ms)
			RebuildTransferFunctionScriptingTraits (0ms)
			SetupTypeCache (140ms)
				TypeCache.Initialize (139ms)
					TypeCache.ScanAssembly (138ms)
				ResolveRequiredComponents (0ms)
		FinalizeReload (0ms)
			ReleaseScriptCaches (0ms)
			RebuildScriptCaches (0ms)
			SetupLoadedEditorAssemblies (208ms)
				LogAssemblyErrors (0ms)
				InitializePlatformSupportModulesInManaged (10ms)
				SetLoadedEditorAssemblies (6ms)
				RefreshPlugins (0ms)
				BeforeProcessingInitializeOnLoad (1ms)
				ProcessInitializeOnLoadAttributes (141ms)
				ProcessInitializeOnLoadMethodAttributes (49ms)
				AfterProcessingInitializeOnLoad (0ms)
				EditorAssembliesLoaded (0ms)
			ExecutionOrderSort2 (0ms)
			AwakeInstancesAfterBackupRestoration (0ms)
========================================================================
Worker process is ready to serve import requests
Begin MonoManager ReloadAssembly
- Loaded All Assemblies, in  0.797 seconds
Refreshing native plugins compatible for Editor in 3.34 ms, found 2 plugins.
Native extension for UWP target not found
Native extension for WindowsStandalone target not found
Mono: successfully reloaded assembly
- Finished resetting the current domain, in  0.505 seconds
Domain Reload Profiling:
	ReloadAssembly (214ms)
		BeginReloadAssembly (117ms)
			ExecutionOrderSort (0ms)
			DisableScriptedObjects (6ms)
			BackupInstance (0ms)
			ReleaseScriptingObjects (0ms)
			CreateAndSetChildDomain (21ms)
		LoadAllAssembliesAndSetupDomain (580ms)
			LoadAssemblies (261ms)
			RebuildTransferFunctionScriptingTraits (0ms)
			SetupTypeCache (365ms)
				TypeCache.Initialize (257ms)
					TypeCache.ScanAssembly (252ms)
				ResolveRequiredComponents (6ms)
		FinalizeReload (0ms)
			ReleaseScriptCaches (0ms)
			RebuildScriptCaches (0ms)
			SetupLoadedEditorAssemblies (358ms)
				LogAssemblyErrors (0ms)
				InitializePlatformSupportModulesInManaged (8ms)
				SetLoadedEditorAssemblies (5ms)
				RefreshPlugins (0ms)
				BeforeProcessingInitializeOnLoad (74ms)
				ProcessInitializeOnLoadAttributes (242ms)
				ProcessInitializeOnLoadMethodAttributes (21ms)
				AfterProcessingInitializeOnLoad (8ms)
				EditorAssembliesLoaded (0ms)
			ExecutionOrderSort2 (0ms)
			AwakeInstancesAfterBackupRestoration (7ms)
Launched and connected shader compiler UnityShaderCompiler.exe after 0.04 seconds
Refreshing native plugins compatible for Editor in 3.29 ms, found 2 plugins.
Preloading 0 native plugins for Editor in 0.00 ms.
Unloading 1844 Unused Serialized files (Serialized files now loaded: 0)
Unloading 24 unused Assets / (66.7 KB). Loaded Objects now: 2312.
Memory consumption went from 308.5 MB to 308.4 MB.
Total: 3.114900 ms (FindLiveObjects: 0.262800 ms CreateObjectMapping: 0.047200 ms MarkObjects: 2.674600 ms  DeleteObjects: 0.129500 ms)

AssetImportParameters requested are different than current active one (requested -> active):
  custom:video-decoder-webm-vp8: 9c59270c3fd7afecdb556c50c9e8de78 -> 
  custom:container-demuxer-ogg: 62fdf1f143b41e24485cea50d1cbac27 -> 
  custom:AudioImporter_EditorPlatform: d09bf68614088b80899f8185d706f6e7 -> 
  custom:video-decoder-ogg-theora: a1e56fd34408186e4bbccfd4996cb3dc -> 
  custom:framework-win-MediaFoundation: 216162199b28c13a410421893ffa2e32 -> 
  custom:video-encoder-webm-vp8: eb34c28f22e8b96e1ab97ce403110664 -> 
  custom:audio-decoder-ogg-vorbis: bf7c407c2cedff20999df2af8eb42d56 -> 
  custom:container-demuxer-webm: 4f35f7cbe854078d1ac9338744f61a02 -> 
  custom:audio-encoder-webm-vorbis: bf7c407c2cedff20999df2af8eb42d56 -> 
  custom:container-muxer-webm: aa71ff27fc2769a1b78a27578f13a17b -> 
========================================================================
Received Import Request.
  Time since last request: 92695.707548 seconds.
  path: Assets/BrokenVector/LowPolyRockPack
  artifactKey: Guid(8ef3c33ec9aa80b4d911434b3d0a0d2f) Importer(815301076,1909f56bfc062723c751e8b465ee728b)
Number of updated assets reloaded before import = 0
Start importing Assets/BrokenVector/LowPolyRockPack using Guid(8ef3c33ec9aa80b4d911434b3d0a0d2f) Importer(815301076,1909f56bfc062723c751e8b465ee728b)  -> (artifact id: 'd1c8df4a4b836f422711207e4ec65df0') in 0.001855 seconds 
Number of asset objects unloaded after import = 0
========================================================================
Received Import Request.
  Time since last request: 2.705559 seconds.
  path: Assets/BrokenVector/LowPolyRockPack/Materials
  artifactKey: Guid(a110ee5f667f277408c45e49fad961ff) Importer(815301076,1909f56bfc062723c751e8b465ee728b)
Number of updated assets reloaded before import = 0
Start importing Assets/BrokenVector/LowPolyRockPack/Materials using Guid(a110ee5f667f277408c45e49fad961ff) Importer(815301076,1909f56bfc062723c751e8b465ee728b)  -> (artifact id: '7c1fbd78e3c5e4843ec9a8db057b2c6e') in 0.000811 seconds 
Number of asset objects unloaded after import = 0
========================================================================
Received Import Request.
  Time since last request: 0.044379 seconds.
  path: Assets/BrokenVector/LowPolyRockPack/Materials/Green.mat
  artifactKey: Guid(58580be5a1ee44d42a9966d48abb8758) Importer(815301076,1909f56bfc062723c751e8b465ee728b)
Number of updated assets reloaded before import = 0
Start importing Assets/BrokenVector/LowPolyRockPack/Materials/Green.mat using Guid(58580be5a1ee44d42a9966d48abb8758) Importer(815301076,1909f56bfc062723c751e8b465ee728b)  -> (artifact id: 'f851f3b6560ab671c2fbf908233d54a8') in 0.120309 seconds 
Number of asset objects unloaded after import = 2
========================================================================
Received Import Request.
  Time since last request: 1.825597 seconds.
  path: Assets/BrokenVector/LowPolyRockPack/Models
  artifactKey: Guid(d78679dbeaa54804da83e7783f38f1a8) Importer(815301076,1909f56bfc062723c751e8b465ee728b)
Number of updated assets reloaded before import = 0
Start importing Assets/BrokenVector/LowPolyRockPack/Models using Guid(d78679dbeaa54804da83e7783f38f1a8) Importer(815301076,1909f56bfc062723c751e8b465ee728b)  -> (artifact id: '40d88e7cf8ea4ffb21f88f91cf9f0bdb') in 0.000727 seconds 
Number of asset objects unloaded after import = 0
========================================================================
Received Import Request.
  Time since last request: 0.040924 seconds.
  path: Assets/BrokenVector/LowPolyRockPack/Models/Rock Type1 01.dae
  artifactKey: Guid(beb8ceccb376f684095ae1a93f088717) Importer(815301076,1909f56bfc062723c751e8b465ee728b)
Number of updated assets reloaded before import = 0
Start importing Assets/BrokenVector/LowPolyRockPack/Models/Rock Type1 01.dae using Guid(beb8ceccb376f684095ae1a93f088717) Importer(815301076,1909f56bfc062723c751e8b465ee728b)  -> (artifact id: '0bf0d04f132af7e22ede85c359fa14da') in 0.036744 seconds 
Number of asset objects unloaded after import = 8
========================================================================
Received Import Request.
  Time since last request: 0.000023 seconds.
  path: Assets/BrokenVector/LowPolyRockPack/Models/Rock Type1 04.dae
  artifactKey: Guid(50c02f0fd54eb9f4f8869a398c63d3d0) Importer(815301076,1909f56bfc062723c751e8b465ee728b)
Number of updated assets reloaded before import = 0
Start importing Assets/BrokenVector/LowPolyRockPack/Models/Rock Type1 04.dae using Guid(50c02f0fd54eb9f4f8869a398c63d3d0) Importer(815301076,1909f56bfc062723c751e8b465ee728b)  -> (artifact id: 'a46635c3227e25327d393b92c9c1ea8f') in 0.017420 seconds 
Number of asset objects unloaded after import = 8
========================================================================
Received Import Request.
  Time since last request: 0.000026 seconds.
  path: Assets/BrokenVector/LowPolyRockPack/Models/Rock Type3 02.dae
  artifactKey: Guid(5ccad72751160e341ad0b43ec43a620a) Importer(815301076,1909f56bfc062723c751e8b465ee728b)
Number of updated assets reloaded before import = 0
Start importing Assets/BrokenVector/LowPolyRockPack/Models/Rock Type3 02.dae using Guid(5ccad72751160e341ad0b43ec43a620a) Importer(815301076,1909f56bfc062723c751e8b465ee728b)  -> (artifact id: '758364d3b06bf8da1ffa6e8fad100f0a') in 0.017538 seconds 
Number of asset objects unloaded after import = 8
========================================================================
Received Import Request.
  Time since last request: 0.000023 seconds.
  path: Assets/BrokenVector/LowPolyRockPack/Models/Rock Type4 01.dae
  artifactKey: Guid(4f025ccab8429664ea3422a254c221ca) Importer(815301076,1909f56bfc062723c751e8b465ee728b)
Number of updated assets reloaded before import = 0
Start importing Assets/BrokenVector/LowPolyRockPack/Models/Rock Type4 01.dae using Guid(4f025ccab8429664ea3422a254c221ca) Importer(815301076,1909f56bfc062723c751e8b465ee728b)  -> (artifact id: 'a3809280b1526e2ccb0c5be9499cf469') in 0.018287 seconds 
Number of asset objects unloaded after import = 8
========================================================================
Received Import Request.
  Time since last request: 0.000018 seconds.
  path: Assets/BrokenVector/LowPolyRockPack/Models/Rock Type4 04.dae
  artifactKey: Guid(4ae004581940d5b4893d1326d72ca2d7) Importer(815301076,1909f56bfc062723c751e8b465ee728b)
Number of updated assets reloaded before import = 0
Start importing Assets/BrokenVector/LowPolyRockPack/Models/Rock Type4 04.dae using Guid(4ae004581940d5b4893d1326d72ca2d7) Importer(815301076,1909f56bfc062723c751e8b465ee728b)  -> (artifact id: '0c5595f66748088ff0ec990335536332') in 0.015469 seconds 
Number of asset objects unloaded after import = 8
========================================================================
Received Import Request.
  Time since last request: 0.000019 seconds.
  path: Assets/BrokenVector/LowPolyRockPack/Models/Rock Type5 04.dae
  artifactKey: Guid(63d2b0fa33464ad49bcded49a4303d23) Importer(815301076,1909f56bfc062723c751e8b465ee728b)
Number of updated assets reloaded before import = 0
Start importing Assets/BrokenVector/LowPolyRockPack/Models/Rock Type5 04.dae using Guid(63d2b0fa33464ad49bcded49a4303d23) Importer(815301076,1909f56bfc062723c751e8b465ee728b)  -> (artifact id: '099a153b592f39fbf86d50b6ea379781') in 0.015798 seconds 
Number of asset objects unloaded after import = 8
========================================================================
Received Import Request.
  Time since last request: 0.000021 seconds.
  path: Assets/BrokenVector/LowPolyRockPack/Models/Rock Type6 04.dae
  artifactKey: Guid(c4534353dff9c6c468c490e0560f8f91) Importer(815301076,1909f56bfc062723c751e8b465ee728b)
Number of updated assets reloaded before import = 0
Start importing Assets/BrokenVector/LowPolyRockPack/Models/Rock Type6 04.dae using Guid(c4534353dff9c6c468c490e0560f8f91) Importer(815301076,1909f56bfc062723c751e8b465ee728b)  -> (artifact id: '7d484170143cf9ffcde4d9b7b4ad56f9') in 0.017662 seconds 
Number of asset objects unloaded after import = 8
========================================================================
Received Import Request.
  Time since last request: 0.000021 seconds.
  path: Assets/BrokenVector/LowPolyRockPack/Models/Rock Type3 01.dae
  artifactKey: Guid(d01883e876066d54280ca7ceb187f173) Importer(815301076,1909f56bfc062723c751e8b465ee728b)
Number of updated assets reloaded before import = 0
Start importing Assets/BrokenVector/LowPolyRockPack/Models/Rock Type3 01.dae using Guid(d01883e876066d54280ca7ceb187f173) Importer(815301076,1909f56bfc062723c751e8b465ee728b)  -> (artifact id: '2fccb155748306e6fbd75525b727c3ac') in 0.020210 seconds 
Number of asset objects unloaded after import = 8
========================================================================
Received Import Request.
  Time since last request: 2.799438 seconds.
  path: Assets/BrokenVector/LowPolyRockPack/Prefabs
  artifactKey: Guid(700e3421e5101a84bb76ab74da65b924) Importer(815301076,1909f56bfc062723c751e8b465ee728b)
Number of updated assets reloaded before import = 0
Start importing Assets/BrokenVector/LowPolyRockPack/Prefabs using Guid(700e3421e5101a84bb76ab74da65b924) Importer(815301076,1909f56bfc062723c751e8b465ee728b)  -> (artifact id: '52c19ef3b6067e297cee6020b8e6ad5e') in 0.000655 seconds 
Number of asset objects unloaded after import = 0
========================================================================
Received Import Request.
  Time since last request: 0.032017 seconds.
  path: Assets/BrokenVector/LowPolyRockPack/Prefabs/Rock Type1 01.prefab
  artifactKey: Guid(75283e9ef15245c4aab126ec6525dd2a) Importer(815301076,1909f56bfc062723c751e8b465ee728b)
Number of updated assets reloaded before import = 0
Start importing Assets/BrokenVector/LowPolyRockPack/Prefabs/Rock Type1 01.prefab using Guid(75283e9ef15245c4aab126ec6525dd2a) Importer(815301076,1909f56bfc062723c751e8b465ee728b)  -> (artifact id: '5654a2609f051c1463cca3ddd986d6dc') in 0.011993 seconds 
Number of asset objects unloaded after import = 9
========================================================================
Received Import Request.
  Time since last request: 0.000019 seconds.
  path: Assets/BrokenVector/LowPolyRockPack/Prefabs/Rock Type1 04.prefab
  artifactKey: Guid(105b83a46d287294bbe7892a1e1f2ea3) Importer(815301076,1909f56bfc062723c751e8b465ee728b)
Number of updated assets reloaded before import = 0
Start importing Assets/BrokenVector/LowPolyRockPack/Prefabs/Rock Type1 04.prefab using Guid(105b83a46d287294bbe7892a1e1f2ea3) Importer(815301076,1909f56bfc062723c751e8b465ee728b)  -> (artifact id: '2c3b1a99aee993d715b23536f06d2646') in 0.011636 seconds 
Number of asset objects unloaded after import = 9
========================================================================
Received Import Request.
  Time since last request: 0.001303 seconds.
  path: Assets/BrokenVector/LowPolyRockPack/Prefabs/Rock Type2 03.prefab
  artifactKey: Guid(36cf43d46aeb7494b82aa54d61da3bd7) Importer(815301076,1909f56bfc062723c751e8b465ee728b)
Number of updated assets reloaded before import = 0
Start importing Assets/BrokenVector/LowPolyRockPack/Prefabs/Rock Type2 03.prefab using Guid(36cf43d46aeb7494b82aa54d61da3bd7) Importer(815301076,1909f56bfc062723c751e8b465ee728b)  -> (artifact id: 'b3326d254093451f8a50738c2a90e059') in 0.011769 seconds 
Number of asset objects unloaded after import = 9
========================================================================
Received Import Request.
  Time since last request: 0.000952 seconds.
  path: Assets/BrokenVector/LowPolyRockPack/Prefabs/Rock Type3 02.prefab
  artifactKey: Guid(61b490990a08faa419b1bb6a6708ad09) Importer(815301076,1909f56bfc062723c751e8b465ee728b)
Number of updated assets reloaded before import = 0
Start importing Assets/BrokenVector/LowPolyRockPack/Prefabs/Rock Type3 02.prefab using Guid(61b490990a08faa419b1bb6a6708ad09) Importer(815301076,1909f56bfc062723c751e8b465ee728b)  -> (artifact id: '5cc0bacf3a8b3d535dcfdb7d952782f6') in 0.013105 seconds 
Number of asset objects unloaded after import = 9
========================================================================
Received Import Request.
  Time since last request: 0.000022 seconds.
  path: Assets/BrokenVector/LowPolyRockPack/Prefabs/Rock Type4 01.prefab
  artifactKey: Guid(e9661e4c2bfea8344a07064944abe034) Importer(815301076,1909f56bfc062723c751e8b465ee728b)
Number of updated assets reloaded before import = 0
Start importing Assets/BrokenVector/LowPolyRockPack/Prefabs/Rock Type4 01.prefab using Guid(e9661e4c2bfea8344a07064944abe034) Importer(815301076,1909f56bfc062723c751e8b465ee728b)  -> (artifact id: 'e2a447a16853dba63d4f60b981064ea2') in 0.011286 seconds 
Number of asset objects unloaded after import = 9
========================================================================
Received Import Request.
  Time since last request: 0.000986 seconds.
  path: Assets/BrokenVector/LowPolyRockPack/Prefabs/Rock Type4 04.prefab
  artifactKey: Guid(ccbe3c5efe0bbed4bbe4b8651efb2db8) Importer(815301076,1909f56bfc062723c751e8b465ee728b)
Number of updated assets reloaded before import = 0
Start importing Assets/BrokenVector/LowPolyRockPack/Prefabs/Rock Type4 04.prefab using Guid(ccbe3c5efe0bbed4bbe4b8651efb2db8) Importer(815301076,1909f56bfc062723c751e8b465ee728b)  -> (artifact id: '2898d903b9cf32f194aae258fc07876e') in 0.011629 seconds 
Number of asset objects unloaded after import = 9
========================================================================
Received Import Request.
  Time since last request: 0.000746 seconds.
  path: Assets/BrokenVector/LowPolyRockPack/Prefabs/Rock Type5 03.prefab
  artifactKey: Guid(1fdb4e5d510354f43bcd6ed13b8eb3be) Importer(815301076,1909f56bfc062723c751e8b465ee728b)
Number of updated assets reloaded before import = 0
Start importing Assets/BrokenVector/LowPolyRockPack/Prefabs/Rock Type5 03.prefab using Guid(1fdb4e5d510354f43bcd6ed13b8eb3be) Importer(815301076,1909f56bfc062723c751e8b465ee728b)  -> (artifact id: 'da699570a42f1d52e60e091f7971d50e') in 0.014178 seconds 
Number of asset objects unloaded after import = 9
========================================================================
Received Import Request.
  Time since last request: 0.000018 seconds.
  path: Assets/BrokenVector/LowPolyRockPack/Prefabs/Rock Type6 02.prefab
  artifactKey: Guid(bcd44f8d0f766b340b72d555a8df8a72) Importer(815301076,1909f56bfc062723c751e8b465ee728b)
Number of updated assets reloaded before import = 0
Start importing Assets/BrokenVector/LowPolyRockPack/Prefabs/Rock Type6 02.prefab using Guid(bcd44f8d0f766b340b72d555a8df8a72) Importer(815301076,1909f56bfc062723c751e8b465ee728b)  -> (artifact id: '067d755afd488c8f5ea9d4be04ac3e38') in 0.012896 seconds 
Number of asset objects unloaded after import = 9
========================================================================
Received Prepare
Refreshing native plugins compatible for Editor in 3.85 ms, found 2 plugins.
Preloading 0 native plugins for Editor in 0.00 ms.
Unloading 0 Unused Serialized files (Serialized files now loaded: 0)
Unloading 0 unused Assets / (0 B). Loaded Objects now: 2358.
Memory consumption went from 61.2 MB to 61.2 MB.
Total: 3.455300 ms (FindLiveObjects: 0.374000 ms CreateObjectMapping: 0.051100 ms MarkObjects: 3.021900 ms  DeleteObjects: 0.007000 ms)

AssetImportParameters requested are different than current active one (requested -> active):
  custom:video-decoder-webm-vp8: 9c59270c3fd7afecdb556c50c9e8de78 -> 
  custom:container-demuxer-ogg: 62fdf1f143b41e24485cea50d1cbac27 -> 
  custom:AudioImporter_EditorPlatform: d09bf68614088b80899f8185d706f6e7 -> 
  custom:video-decoder-ogg-theora: a1e56fd34408186e4bbccfd4996cb3dc -> 
  custom:framework-win-MediaFoundation: 216162199b28c13a410421893ffa2e32 -> 
  custom:video-encoder-webm-vp8: eb34c28f22e8b96e1ab97ce403110664 -> 
  custom:audio-decoder-ogg-vorbis: bf7c407c2cedff20999df2af8eb42d56 -> 
  custom:container-demuxer-webm: 4f35f7cbe854078d1ac9338744f61a02 -> 
  custom:audio-encoder-webm-vorbis: bf7c407c2cedff20999df2af8eb42d56 -> 
  custom:container-muxer-webm: aa71ff27fc2769a1b78a27578f13a17b -> 
Editor requested this worker to shutdown with reason: Scaling down because of idle timeout
TcpMessagingSession - receive error: operation aborted. errorcode: 995, details: L’opération d’entrée/sortie a été abandonnée en raison de l’arrêt d’un thread ou à la demande d’une application.
AssetImportWorker is now disconnected from the server
Process exiting
Exiting without the bug reporter. Application will terminate with return code 0