Using pre-set license
Built from '2022.2/staging' branch; Version is '2022.2.4f1 (8216e0211249) revision 8525536'; Using compiler version '192829333'; Build Type 'Release'
OS: 'Windows 11  (10.0.22621) 64bit Professional' Language: 'fr' Physical Memory: 32694 MB
BatchMode: 1, IsHumanControllingUs: 0, StartBugReporterOnCrash: 0, Is64bit: 1, IsPro: 1

COMMAND LINE ARGUMENTS:
C:\Program Files\Unity\Hub\Editor\2022.2.4f1\Editor\Unity.exe
-adb2
-batchMode
-noUpm
-name
AssetImportWorker4
-projectPath
C:/Users/olivi/Documents/PersoGalactic/Galactic
-logFile
Logs/AssetImportWorker4.log
-srvPort
56480
Successfully changed project path to: C:/Users/olivi/Documents/PersoGalactic/Galactic
C:/Users/olivi/Documents/PersoGalactic/Galactic
[UnityMemory] Configuration Parameters - Can be set up in boot.config
    "memorysetup-bucket-allocator-granularity=16"
    "memorysetup-bucket-allocator-bucket-count=8"
    "memorysetup-bucket-allocator-block-size=33554432"
    "memorysetup-bucket-allocator-block-count=8"
    "memorysetup-main-allocator-block-size=16777216"
    "memorysetup-thread-allocator-block-size=16777216"
    "memorysetup-gfx-main-allocator-block-size=16777216"
    "memorysetup-gfx-thread-allocator-block-size=16777216"
    "memorysetup-cache-allocator-block-size=4194304"
    "memorysetup-typetree-allocator-block-size=2097152"
    "memorysetup-profiler-bucket-allocator-granularity=16"
    "memorysetup-profiler-bucket-allocator-bucket-count=8"
    "memorysetup-profiler-bucket-allocator-block-size=33554432"
    "memorysetup-profiler-bucket-allocator-block-count=8"
    "memorysetup-profiler-allocator-block-size=16777216"
    "memorysetup-profiler-editor-allocator-block-size=1048576"
    "memorysetup-temp-allocator-size-main=16777216"
    "memorysetup-job-temp-allocator-block-size=2097152"
    "memorysetup-job-temp-allocator-block-size-background=1048576"
    "memorysetup-job-temp-allocator-reduction-small-platforms=262144"
    "memorysetup-temp-allocator-size-background-worker=32768"
    "memorysetup-temp-allocator-size-job-worker=262144"
    "memorysetup-temp-allocator-size-preload-manager=33554432"
    "memorysetup-temp-allocator-size-nav-mesh-worker=65536"
    "memorysetup-temp-allocator-size-audio-worker=65536"
    "memorysetup-temp-allocator-size-cloud-worker=32768"
    "memorysetup-temp-allocator-size-gi-baking-worker=262144"
    "memorysetup-temp-allocator-size-gfx=262144"
Player connection [25412] Host "[IP] 192.168.56.1 [Port] 0 [Flags] 2 [Guid] 1559723679 [EditorId] 1559723679 [Version] 1048832 [Id] WindowsEditor(7,olivier-14) [Debug] 1 [PackageName] WindowsEditor [ProjectName] Editor" joined multi-casting on [225.0.0.222:54997]...

Player connection [25412] Host "[IP] 192.168.56.1 [Port] 0 [Flags] 2 [Guid] 1559723679 [EditorId] 1559723679 [Version] 1048832 [Id] WindowsEditor(7,olivier-14) [Debug] 1 [PackageName] WindowsEditor [ProjectName] Editor" joined alternative multi-casting on [225.0.0.222:34997]...

Refreshing native plugins compatible for Editor in 9.09 ms, found 2 plugins.
Preloading 0 native plugins for Editor in 0.00 ms.
Initialize engine version: 2022.2.4f1 (8216e0211249)
[Subsystems] Discovering subsystems at path C:/Program Files/Unity/Hub/Editor/2022.2.4f1/Editor/Data/Resources/UnitySubsystems
[Subsystems] Discovering subsystems at path C:/Users/olivi/Documents/PersoGalactic/Galactic/Assets
GfxDevice: creating device client; threaded=0; jobified=0
Direct3D:
    Version:  Direct3D 11.0 [level 11.1]
    Renderer: NVIDIA GeForce RTX 2080 SUPER (ID=0x1e81)
    Vendor:   NVIDIA
    VRAM:     8001 MB
    Driver:   31.0.15.3598
Initialize mono
Mono path[0] = 'C:/Program Files/Unity/Hub/Editor/2022.2.4f1/Editor/Data/Managed'
Mono path[1] = 'C:/Program Files/Unity/Hub/Editor/2022.2.4f1/Editor/Data/MonoBleedingEdge/lib/mono/unityjit-win32'
Mono config path = 'C:/Program Files/Unity/Hub/Editor/2022.2.4f1/Editor/Data/MonoBleedingEdge/etc'
Using monoOptions --debugger-agent=transport=dt_socket,embedding=1,server=y,suspend=n,address=127.0.0.1:56608
Begin MonoManager ReloadAssembly
Registering precompiled unity dll's ...
Register platform support module: C:/Program Files/Unity/Hub/Editor/2022.2.4f1/Editor/Data/PlaybackEngines/WindowsStandaloneSupport/UnityEditor.WindowsStandalone.Extensions.dll
Register platform support module: C:/Program Files/Unity/Hub/Editor/2022.2.4f1/Editor/Data/PlaybackEngines/MetroSupport/UnityEditor.UWP.Extensions.dll
Registered in 0.009189 seconds.
- Loaded All Assemblies, in  0.345 seconds
Native extension for UWP target not found
Native extension for WindowsStandalone target not found
Mono: successfully reloaded assembly
- Finished resetting the current domain, in  0.281 seconds
Domain Reload Profiling:
	ReloadAssembly (200ms)
		BeginReloadAssembly (78ms)
			ExecutionOrderSort (0ms)
			DisableScriptedObjects (0ms)
			BackupInstance (0ms)
			ReleaseScriptingObjects (0ms)
			CreateAndSetChildDomain (1ms)
		LoadAllAssembliesAndSetupDomain (0ms)
			LoadAssemblies (75ms)
			RebuildTransferFunctionScriptingTraits (0ms)
			SetupTypeCache (136ms)
				TypeCache.Initialize (135ms)
					TypeCache.ScanAssembly (133ms)
				ResolveRequiredComponents (1ms)
		FinalizeReload (0ms)
			ReleaseScriptCaches (0ms)
			RebuildScriptCaches (0ms)
			SetupLoadedEditorAssemblies (217ms)
				LogAssemblyErrors (0ms)
				InitializePlatformSupportModulesInManaged (11ms)
				SetLoadedEditorAssemblies (6ms)
				RefreshPlugins (0ms)
				BeforeProcessingInitializeOnLoad (1ms)
				ProcessInitializeOnLoadAttributes (148ms)
				ProcessInitializeOnLoadMethodAttributes (50ms)
				AfterProcessingInitializeOnLoad (0ms)
				EditorAssembliesLoaded (0ms)
			ExecutionOrderSort2 (0ms)
			AwakeInstancesAfterBackupRestoration (0ms)
========================================================================
Worker process is ready to serve import requests
Begin MonoManager ReloadAssembly
- Loaded All Assemblies, in  0.841 seconds
Refreshing native plugins compatible for Editor in 3.33 ms, found 2 plugins.
Native extension for UWP target not found
Native extension for WindowsStandalone target not found
Mono: successfully reloaded assembly
- Finished resetting the current domain, in  0.531 seconds
Domain Reload Profiling:
	ReloadAssembly (219ms)
		BeginReloadAssembly (120ms)
			ExecutionOrderSort (0ms)
			DisableScriptedObjects (6ms)
			BackupInstance (0ms)
			ReleaseScriptingObjects (0ms)
			CreateAndSetChildDomain (23ms)
		LoadAllAssembliesAndSetupDomain (618ms)
			LoadAssemblies (277ms)
			RebuildTransferFunctionScriptingTraits (0ms)
			SetupTypeCache (389ms)
				TypeCache.Initialize (268ms)
					TypeCache.ScanAssembly (263ms)
				ResolveRequiredComponents (6ms)
		FinalizeReload (0ms)
			ReleaseScriptCaches (0ms)
			RebuildScriptCaches (0ms)
			SetupLoadedEditorAssemblies (374ms)
				LogAssemblyErrors (0ms)
				InitializePlatformSupportModulesInManaged (7ms)
				SetLoadedEditorAssemblies (5ms)
				RefreshPlugins (0ms)
				BeforeProcessingInitializeOnLoad (75ms)
				ProcessInitializeOnLoadAttributes (255ms)
				ProcessInitializeOnLoadMethodAttributes (23ms)
				AfterProcessingInitializeOnLoad (8ms)
				EditorAssembliesLoaded (0ms)
			ExecutionOrderSort2 (0ms)
			AwakeInstancesAfterBackupRestoration (8ms)
Launched and connected shader compiler UnityShaderCompiler.exe after 0.06 seconds
Refreshing native plugins compatible for Editor in 3.34 ms, found 2 plugins.
Preloading 0 native plugins for Editor in 0.00 ms.
Unloading 1844 Unused Serialized files (Serialized files now loaded: 0)
Unloading 24 unused Assets / (66.7 KB). Loaded Objects now: 2312.
Memory consumption went from 308.5 MB to 308.4 MB.
Total: 3.125800 ms (FindLiveObjects: 0.287700 ms CreateObjectMapping: 0.047100 ms MarkObjects: 2.660500 ms  DeleteObjects: 0.129500 ms)

AssetImportParameters requested are different than current active one (requested -> active):
  custom:video-decoder-webm-vp8: 9c59270c3fd7afecdb556c50c9e8de78 -> 
  custom:container-demuxer-ogg: 62fdf1f143b41e24485cea50d1cbac27 -> 
  custom:AudioImporter_EditorPlatform: d09bf68614088b80899f8185d706f6e7 -> 
  custom:video-decoder-ogg-theora: a1e56fd34408186e4bbccfd4996cb3dc -> 
  custom:framework-win-MediaFoundation: 216162199b28c13a410421893ffa2e32 -> 
  custom:video-encoder-webm-vp8: eb34c28f22e8b96e1ab97ce403110664 -> 
  custom:audio-decoder-ogg-vorbis: bf7c407c2cedff20999df2af8eb42d56 -> 
  custom:container-demuxer-webm: 4f35f7cbe854078d1ac9338744f61a02 -> 
  custom:audio-encoder-webm-vorbis: bf7c407c2cedff20999df2af8eb42d56 -> 
  custom:container-muxer-webm: aa71ff27fc2769a1b78a27578f13a17b -> 
========================================================================
Received Import Request.
  Time since last request: 92981.866033 seconds.
  path: Assets/Customizable Skybox/Materials
  artifactKey: Guid(378abfee1dd0568408bea4a7e1266660) Importer(815301076,1909f56bfc062723c751e8b465ee728b)
Number of updated assets reloaded before import = 0
Start importing Assets/Customizable Skybox/Materials using Guid(378abfee1dd0568408bea4a7e1266660) Importer(815301076,1909f56bfc062723c751e8b465ee728b)  -> (artifact id: '4fe7954b5bd49267cb8542460f3dfc7f') in 0.001772 seconds 
Number of asset objects unloaded after import = 0
========================================================================
Received Import Request.
  Time since last request: 0.496805 seconds.
  path: Assets/Customizable Skybox/Model
  artifactKey: Guid(6e6d977e43d50514c87773cb8f7a3631) Importer(815301076,1909f56bfc062723c751e8b465ee728b)
Number of updated assets reloaded before import = 0
Start importing Assets/Customizable Skybox/Model using Guid(6e6d977e43d50514c87773cb8f7a3631) Importer(815301076,1909f56bfc062723c751e8b465ee728b)  -> (artifact id: '0f42d78e874fa4c484f1424c7375da51') in 0.000777 seconds 
Number of asset objects unloaded after import = 0
========================================================================
Received Import Request.
  Time since last request: 3.995314 seconds.
  path: Assets/DinV_Studio/Poly_Low_Trees_Pack_FREE
  artifactKey: Guid(08524de2bda3ed24ea9a951c7b615be8) Importer(815301076,1909f56bfc062723c751e8b465ee728b)
Number of updated assets reloaded before import = 0
Start importing Assets/DinV_Studio/Poly_Low_Trees_Pack_FREE using Guid(08524de2bda3ed24ea9a951c7b615be8) Importer(815301076,1909f56bfc062723c751e8b465ee728b)  -> (artifact id: '3a1335ca57d7d532bb84e5056452089c') in 0.000535 seconds 
Number of asset objects unloaded after import = 0
========================================================================
Received Import Request.
  Time since last request: 1.005073 seconds.
  path: Assets/DinV_Studio/Poly_Low_Trees_Pack_FREE/Models
  artifactKey: Guid(af001b32babf27540ad09d211b2348db) Importer(815301076,1909f56bfc062723c751e8b465ee728b)
Number of updated assets reloaded before import = 0
Start importing Assets/DinV_Studio/Poly_Low_Trees_Pack_FREE/Models using Guid(af001b32babf27540ad09d211b2348db) Importer(815301076,1909f56bfc062723c751e8b465ee728b)  -> (artifact id: '7f112eb820bd28e22186d8f41e5836b2') in 0.000523 seconds 
Number of asset objects unloaded after import = 0
========================================================================
Received Import Request.
  Time since last request: 1.222912 seconds.
  path: Assets/DinV_Studio/Poly_Low_Trees_Pack_FREE/Models/Apple_Trees
  artifactKey: Guid(10d5fc0d9bf76e949a861afe344324c6) Importer(815301076,1909f56bfc062723c751e8b465ee728b)
Number of updated assets reloaded before import = 0
Start importing Assets/DinV_Studio/Poly_Low_Trees_Pack_FREE/Models/Apple_Trees using Guid(10d5fc0d9bf76e949a861afe344324c6) Importer(815301076,1909f56bfc062723c751e8b465ee728b)  -> (artifact id: 'a3e7e719c6431d5cd5b9387228b90e27') in 0.000829 seconds 
Number of asset objects unloaded after import = 0
========================================================================
Received Import Request.
  Time since last request: 3.731473 seconds.
  path: Assets/DinV_Studio/Poly_Low_Trees_Pack_FREE/Models/Dead_Trees
  artifactKey: Guid(b42c6b97c1cb3a94bbb288bb41d7c833) Importer(815301076,1909f56bfc062723c751e8b465ee728b)
Number of updated assets reloaded before import = 0
Start importing Assets/DinV_Studio/Poly_Low_Trees_Pack_FREE/Models/Dead_Trees using Guid(b42c6b97c1cb3a94bbb288bb41d7c833) Importer(815301076,1909f56bfc062723c751e8b465ee728b)  -> (artifact id: '0c8f2276d2987e1e58f669b56e78ce73') in 0.000546 seconds 
Number of asset objects unloaded after import = 0
========================================================================
Received Import Request.
  Time since last request: 6.191860 seconds.
  path: Assets/FSP/Modular Pixel Forest
  artifactKey: Guid(a5b83ced1783f514c846932e86cd5af5) Importer(815301076,1909f56bfc062723c751e8b465ee728b)
Number of updated assets reloaded before import = 0
Start importing Assets/FSP/Modular Pixel Forest using Guid(a5b83ced1783f514c846932e86cd5af5) Importer(815301076,1909f56bfc062723c751e8b465ee728b)  -> (artifact id: 'd7fcfa2b24320561401d912e873540f4') in 0.000687 seconds 
Number of asset objects unloaded after import = 0
========================================================================
Received Import Request.
  Time since last request: 3.890226 seconds.
  path: Assets/FSP/Modular Pixel Forest/Prefabs
  artifactKey: Guid(b30c35155c62f26459286855c2d0f3c5) Importer(815301076,1909f56bfc062723c751e8b465ee728b)
Number of updated assets reloaded before import = 0
Start importing Assets/FSP/Modular Pixel Forest/Prefabs using Guid(b30c35155c62f26459286855c2d0f3c5) Importer(815301076,1909f56bfc062723c751e8b465ee728b)  -> (artifact id: '319a2912977738073ae0c4d96f11e654') in 0.000553 seconds 
Number of asset objects unloaded after import = 0
========================================================================
Received Import Request.
  Time since last request: 7.259090 seconds.
  path: Assets/GeeKay3D/First-Aid-Set
  artifactKey: Guid(8b15c43a8dc70b74bb740984fd1257a1) Importer(815301076,1909f56bfc062723c751e8b465ee728b)
Number of updated assets reloaded before import = 0
Start importing Assets/GeeKay3D/First-Aid-Set using Guid(8b15c43a8dc70b74bb740984fd1257a1) Importer(815301076,1909f56bfc062723c751e8b465ee728b)  -> (artifact id: '036aa996d508e52dd0e65814e16aa29e') in 0.000609 seconds 
Number of asset objects unloaded after import = 0
========================================================================
Received Import Request.
  Time since last request: 3.474889 seconds.
  path: Assets/Low Poly Weapons VOL.1/Textures_Guns.png
  artifactKey: Guid(6a376fb3e11ce334ca96f417cead6576) Importer(815301076,1909f56bfc062723c751e8b465ee728b)
Number of updated assets reloaded before import = 0
Start importing Assets/Low Poly Weapons VOL.1/Textures_Guns.png using Guid(6a376fb3e11ce334ca96f417cead6576) Importer(815301076,1909f56bfc062723c751e8b465ee728b)  -> (artifact id: '9cf2211bd2bb15c062104defb2f1317f') in 0.052436 seconds 
Number of asset objects unloaded after import = 2
